Flow report for Dimmer_Leds_Demo
Thu May 28 20:59:43 2015
Quartus II 64-Bit Version 13.1.0 Build 162 10/23/2013 SJ Web Edition


---------------------
; Table of Contents ;
---------------------
  1. Legal Notice
  2. Flow Summary
  3. Flow Settings
  4. Flow Non-Default Global Settings
  5. Flow Elapsed Time
  6. Flow OS Summary
  7. Flow Log
  8. Flow Messages
  9. Flow Suppressed Messages



----------------
; Legal Notice ;
----------------
Copyright (C) 1991-2013 Altera Corporation
Your use of Altera Corporation's design tools, logic functions 
and other software and tools, and its AMPP partner logic 
functions, and any output files from any of the foregoing 
(including device programming or simulation files), and any 
associated documentation or information are expressly subject 
to the terms and conditions of the Altera Program License 
Subscription Agreement, Altera MegaCore Function License 
Agreement, or other applicable license agreement, including, 
without limitation, that your use is for the sole purpose of 
programming logic devices manufactured by Altera and sold by 
Altera or its authorized distributors.  Please refer to the 
applicable agreement for further details.



+---------------------------------------------------------------------------------+
; Flow Summary                                                                    ;
+------------------------------------+--------------------------------------------+
; Flow Status                        ; Successful - Thu May 28 20:59:43 2015      ;
; Quartus II 64-Bit Version          ; 13.1.0 Build 162 10/23/2013 SJ Web Edition ;
; Revision Name                      ; Dimmer_Leds_Demo                           ;
; Top-level Entity Name              ; Dimmer_Leds_Demo                           ;
; Family                             ; Cyclone IV E                               ;
; Device                             ; EP4CE115F29C7                              ;
; Timing Models                      ; Final                                      ;
; Total logic elements               ; 239 / 114,480 ( < 1 % )                    ;
;     Total combinational functions  ; 237 / 114,480 ( < 1 % )                    ;
;     Dedicated logic registers      ; 61 / 114,480 ( < 1 % )                     ;
; Total registers                    ; 61                                         ;
; Total pins                         ; 45 / 529 ( 9 % )                           ;
; Total virtual pins                 ; 0                                          ;
; Total memory bits                  ; 0 / 3,981,312 ( 0 % )                      ;
; Embedded Multiplier 9-bit elements ; 0 / 532 ( 0 % )                            ;
; Total PLLs                         ; 0 / 4 ( 0 % )                              ;
+------------------------------------+--------------------------------------------+


+-----------------------------------------+
; Flow Settings                           ;
+-------------------+---------------------+
; Option            ; Setting             ;
+-------------------+---------------------+
; Start date & time ; 05/28/2015 20:57:05 ;
; Main task         ; Compilation         ;
; Revision Name     ; Dimmer_Leds_Demo    ;
+-------------------+---------------------+


+--------------------------------------------------------------------------------------------------------------------+
; Flow Non-Default Global Settings                                                                                   ;
+-------------------------------------+-------------------------------+---------------+-------------+----------------+
; Assignment Name                     ; Value                         ; Default Value ; Entity Name ; Section Id     ;
+-------------------------------------+-------------------------------+---------------+-------------+----------------+
; COMPILER_SIGNATURE_ID               ; 1096810748438.143284302305676 ; --            ; --          ; --             ;
; EDA_OUTPUT_DATA_FORMAT              ; Vhdl                          ; --            ; --          ; eda_simulation ;
; EDA_SIMULATION_TOOL                 ; ModelSim-Altera (VHDL)        ; <None>        ; --          ; --             ;
; MAX_CORE_JUNCTION_TEMP              ; 85                            ; --            ; --          ; --             ;
; MIN_CORE_JUNCTION_TEMP              ; 0                             ; --            ; --          ; --             ;
; NOMINAL_CORE_SUPPLY_VOLTAGE         ; 1.2V                          ; --            ; --          ; --             ;
; PARTITION_COLOR                     ; 16764057                      ; --            ; --          ; Top            ;
; PARTITION_FITTER_PRESERVATION_LEVEL ; PLACEMENT_AND_ROUTING         ; --            ; --          ; Top            ;
; PARTITION_NETLIST_TYPE              ; SOURCE                        ; --            ; --          ; Top            ;
; PROJECT_OUTPUT_DIRECTORY            ; output_files                  ; --            ; --          ; --             ;
+-------------------------------------+-------------------------------+---------------+-------------+----------------+


+-------------------------------------------------------------------------------------------------------------------------------+
; Flow Elapsed Time                                                                                                             ;
+---------------------------+--------------+-------------------------+---------------------+------------------------------------+
; Module Name               ; Elapsed Time ; Average Processors Used ; Peak Virtual Memory ; Total CPU Time (on all processors) ;
+---------------------------+--------------+-------------------------+---------------------+------------------------------------+
; Analysis & Synthesis      ; 00:00:16     ; 1.0                     ; 546 MB              ; 00:00:15                           ;
; Fitter                    ; 00:01:16     ; 1.6                     ; 1381 MB             ; 00:01:34                           ;
; Assembler                 ; 00:00:23     ; 1.0                     ; 485 MB              ; 00:00:21                           ;
; TimeQuest Timing Analyzer ; 00:00:17     ; 1.0                     ; 589 MB              ; 00:00:14                           ;
; EDA Netlist Writer        ; 00:00:06     ; 1.0                     ; 444 MB              ; 00:00:05                           ;
; Total                     ; 00:02:18     ; --                      ; --                  ; 00:02:29                           ;
+---------------------------+--------------+-------------------------+---------------------+------------------------------------+


+----------------------------------------------------------------------------------------+
; Flow OS Summary                                                                        ;
+---------------------------+------------------+-----------+------------+----------------+
; Module Name               ; Machine Hostname ; OS Name   ; OS Version ; Processor type ;
+---------------------------+------------------+-----------+------------+----------------+
; Analysis & Synthesis      ; Fábio            ; Windows 7 ; 6.2        ; x86_64         ;
; Fitter                    ; Fábio            ; Windows 7 ; 6.2        ; x86_64         ;
; Assembler                 ; Fábio            ; Windows 7 ; 6.2        ; x86_64         ;
; TimeQuest Timing Analyzer ; Fábio            ; Windows 7 ; 6.2        ; x86_64         ;
; EDA Netlist Writer        ; Fábio            ; Windows 7 ; 6.2        ; x86_64         ;
+---------------------------+------------------+-----------+------------+----------------+


------------
; Flow Log ;
------------
quartus_map --read_settings_files=on --write_settings_files=off Dimmer_Leds_Demo -c Dimmer_Leds_Demo
quartus_fit --read_settings_files=off --write_settings_files=off Dimmer_Leds_Demo -c Dimmer_Leds_Demo
quartus_asm --read_settings_files=off --write_settings_files=off Dimmer_Leds_Demo -c Dimmer_Leds_Demo
quartus_sta Dimmer_Leds_Demo -c Dimmer_Leds_Demo
quartus_eda --read_settings_files=off --write_settings_files=off Dimmer_Leds_Demo -c Dimmer_Leds_Demo



